# JRE version: OpenJDK Runtime Environment (11.0.4+10) (build 11.0.4+10-b304.77)
# Java VM: OpenJDK 64-Bit Server VM (11.0.4+10-b304.77, mixed mode, sharing, tiered, compressed oops, g1 gc, windows-amd64)
Heap:
 garbage-first heap   total 155648K, used 14480K [0x0000000082600000, 0x0000000100000000)
  region size 1024K, 5 young (5120K), 5 survivors (5120K)
 Metaspace       used 20538K, capacity 21186K, committed 21296K, reserved 1067008K
  class space    used 2643K, capacity 2902K, committed 2944K, reserved 1048576K
GC Heap History (9 events):
Event: 0.908 GC heap before
{Heap before GC invocations=0 (full 0):
 garbage-first heap   total 129024K, used 23552K [0x0000000082600000, 0x0000000100000000)
  region size 1024K, 24 young (24576K), 0 survivors (0K)
 Metaspace       used 6680K, capacity 7051K, committed 7168K, reserved 1056768K
  class space    used 875K, capacity 1017K, committed 1024K, reserved 1048576K
}
Event: 0.914 GC heap after
{Heap after GC invocations=1 (full 0):
 garbage-first heap   total 129024K, used 6922K [0x0000000082600000, 0x0000000100000000)
  region size 1024K, 3 young (3072K), 3 survivors (3072K)
 Metaspace       used 6680K, capacity 7051K, committed 7168K, reserved 1056768K
  class space    used 875K, capacity 1017K, committed 1024K, reserved 1048576K
}
Event: 1.008 GC heap before
{Heap before GC invocations=1 (full 0):
 garbage-first heap   total 129024K, used 15114K [0x0000000082600000, 0x0000000100000000)
  region size 1024K, 11 young (11264K), 3 survivors (3072K)
 Metaspace       used 7747K, capacity 8198K, committed 8448K, reserved 1056768K
  class space    used 1035K, capacity 1208K, committed 1280K, reserved 1048576K
}
Event: 1.012 GC heap after
{Heap after GC invocations=2 (full 0):
 garbage-first heap   total 129024K, used 7722K [0x0000000082600000, 0x0000000100000000)
  region size 1024K, 1 young (1024K), 1 survivors (1024K)
 Metaspace       used 7747K, capacity 8198K, committed 8448K, reserved 1056768K
  class space    used 1035K, capacity 1208K, committed 1280K, reserved 1048576K
}
Event: 1.345 GC heap before
{Heap before GC invocations=2 (full 0):
 garbage-first heap   total 129024K, used 47658K [0x0000000082600000, 0x0000000100000000)
  region size 1024K, 40 young (40960K), 1 survivors (1024K)
 Metaspace       used 14033K, capacity 14551K, committed 14848K, reserved 1062912K
  class space    used 1776K, capacity 1990K, committed 2048K, reserved 1048576K
}
Event: 1.350 GC heap after
{Heap after GC invocations=3 (full 0):
 garbage-first heap   total 129024K, used 10170K [0x0000000082600000, 0x0000000100000000)
  region size 1024K, 3 young (3072K), 3 survivors (3072K)
 Metaspace       used 14033K, capacity 14551K, committed 14848K, reserved 1062912K
  class space    used 1776K, capacity 1990K, committed 2048K, reserved 1048576K
}
Event: 2.062 GC heap before
{Heap before GC invocations=3 (full 0):
 garbage-first heap   total 129024K, used 66490K [0x0000000082600000, 0x0000000100000000)
  region size 1024K, 58 young (59392K), 3 survivors (3072K)
 Metaspace       used 19066K, capacity 19728K, committed 19968K, reserved 1067008K
  class space    used 2466K, capacity 2739K, committed 2816K, reserved 1048576K
}
Event: 2.070 GC heap after
{Heap after GC invocations=4 (full 0):
 garbage-first heap   total 129024K, used 13012K [0x0000000082600000, 0x0000000100000000)
  region size 1024K, 6 young (6144K), 6 survivors (6144K)
 Metaspace       used 19066K, capacity 19728K, committed 19968K, reserved 1067008K
  class space    used 2466K, capacity 2739K, committed 2816K, reserved 1048576K
}
Event: 2.246 GC heap before
{Heap before GC invocations=4 (full 0):
 garbage-first heap   total 129024K, used 35540K [0x0000000082600000, 0x0000000100000000)
  region size 1024K, 29 young (29696K), 6 survivors (6144K)
 Metaspace       used 20538K, capacity 21186K, committed 21296K, reserved 1067008K
  class space    used 2643K, capacity 2902K, committed 2944K, reserved 1048576K
}

